{
  "stats": {
    "suites": 1,
    "tests": 3,
    "passes": 3,
    "pending": 0,
    "failures": 0,
    "start": "2019-08-01T08:14:41.917Z",
    "end": "2019-08-01T08:14:42.639Z",
    "duration": 722,
    "testsRegistered": 17,
    "passPercent": 17.6,
    "pendingPercent": 0,
    "other": 0,
    "hasOther": false,
    "skipped": 14,
    "hasSkipped": true,
    "passPercentClass": "danger",
    "pendingPercentClass": "danger"
  },
  "suites": {
    "uuid": "556a60fc-11bb-4fab-aa66-c53c99ffd516",
    "title": "",
    "fullFile": "",
    "file": "",
    "beforeHooks": [],
    "afterHooks": [],
    "tests": [],
    "suites": [
      {
        "uuid": "b09b166d-47af-4f14-9037-64eae00ade7f",
        "title": "@deleteUser GET Request Delete User",
        "fullFile": "/Users/lpt392/Labby/QA/onboarding-api-automation/tests/user/get_delete_user_test.js",
        "file": "/tests/user/get_delete_user_test.js",
        "beforeHooks": [
          {
            "title": "\"before all\" hook",
            "fullTitle": "@deleteUser GET Request Delete User \"before all\" hook",
            "timedOut": false,
            "duration": 0,
            "pass": false,
            "fail": false,
            "pending": false,
            "code": "const response = await authHelper.getBillfazzToken.getToken(userCredential.adminExternal);\ntoken = response.body.token;",
            "err": {},
            "isRoot": false,
            "uuid": "ca5baa03-a0a4-45be-af87-15c291989d29",
            "isHook": true,
            "skipped": false
          }
        ],
        "afterHooks": [],
        "tests": [
          {
            "title": "@happy GET delete user OK",
            "fullTitle": "@deleteUser GET Request Delete User @happy GET delete user OK",
            "timedOut": false,
            "duration": 0,
            "pass": false,
            "fail": false,
            "pending": false,
            "code": "const response = await api.getDelUser(testData.deleteUser.validId, token);\nexpect(response.status).to.equal(cases.scenario.getOK.response);",
            "err": {},
            "isRoot": false,
            "uuid": "631bbf58-a7c0-4e04-8cbd-bdcef63193b1",
            "isHook": false,
            "skipped": true
          },
          {
            "title": "@neg GET delete user without auth",
            "fullTitle": "@deleteUser GET Request Delete User @neg GET delete user without auth",
            "timedOut": false,
            "duration": 0,
            "pass": false,
            "fail": false,
            "pending": false,
            "code": "const response = await api.getDelUser(testData.deleteUser.validId);\nexpect(response.status).to.equal(cases.scenario.getWithoutAuth.response);",
            "err": {},
            "isRoot": false,
            "uuid": "943ac06f-7d2b-4bbb-a037-e028e03ea88d",
            "isHook": false,
            "skipped": true
          },
          {
            "title": "@neg GET delete user using other user Auth",
            "fullTitle": "@deleteUser GET Request Delete User @neg GET delete user using other user Auth",
            "timedOut": false,
            "duration": 0,
            "pass": false,
            "fail": false,
            "pending": false,
            "code": "const response = await api.getDelUser(testData.deleteUser.validId, userCredential.invalidToken);\nexpect(response.status).to.equal(cases.scenario.getWithoutAuth.response);",
            "err": {},
            "isRoot": false,
            "uuid": "7943e428-9a08-4f8a-b483-4e3ee836be40",
            "isHook": false,
            "skipped": true
          }
        ],
        "suites": [],
        "passes": [],
        "failures": [],
        "pending": [],
        "skipped": [
          "631bbf58-a7c0-4e04-8cbd-bdcef63193b1",
          "943ac06f-7d2b-4bbb-a037-e028e03ea88d",
          "7943e428-9a08-4f8a-b483-4e3ee836be40"
        ],
        "duration": null,
        "root": false,
        "rootEmpty": false,
        "_timeout": 30000
      },
      {
        "uuid": "5746a1f6-a485-4993-9af9-13ddbad7d1ea",
        "title": "@logoutUser GET Request Logout User",
        "fullFile": "/Users/lpt392/Labby/QA/onboarding-api-automation/tests/user/get_logout_user_test.js",
        "file": "/tests/user/get_logout_user_test.js",
        "beforeHooks": [
          {
            "title": "\"before all\" hook",
            "fullTitle": "@logoutUser GET Request Logout User \"before all\" hook",
            "timedOut": false,
            "duration": 0,
            "pass": false,
            "fail": false,
            "pending": false,
            "code": "const response = await authHelper.getBillfazzToken.getToken(userCredential.admin);\ntoken = response.body.token;",
            "err": {},
            "isRoot": false,
            "uuid": "1f6d9273-1701-4654-bf99-f5fece4c2e3d",
            "isHook": true,
            "skipped": false
          }
        ],
        "afterHooks": [],
        "tests": [
          {
            "title": "@happy GET logout user OK",
            "fullTitle": "@logoutUser GET Request Logout User @happy GET logout user OK",
            "timedOut": false,
            "duration": 0,
            "pass": false,
            "fail": false,
            "pending": false,
            "code": "const response = await api.getUserLogOut(token);\nexpect(response.status).to.equal(cases.scenario.getOK.response);",
            "err": {},
            "isRoot": false,
            "uuid": "c6387d12-2ed5-4884-9836-5cb4717dda29",
            "isHook": false,
            "skipped": true
          },
          {
            "title": "@neg GET logout user without auth",
            "fullTitle": "@logoutUser GET Request Logout User @neg GET logout user without auth",
            "timedOut": false,
            "duration": 0,
            "pass": false,
            "fail": false,
            "pending": false,
            "code": "const response = await api.getUserLogOut();\nexpect(response.status).to.equal(cases.scenario.getWithoutAuth.response);",
            "err": {},
            "isRoot": false,
            "uuid": "571037f6-8536-4572-af3a-7e6bdae79593",
            "isHook": false,
            "skipped": true
          },
          {
            "title": "@neg GET logout user using other user Auth",
            "fullTitle": "@logoutUser GET Request Logout User @neg GET logout user using other user Auth",
            "timedOut": false,
            "duration": 0,
            "pass": false,
            "fail": false,
            "pending": false,
            "code": "const response = await api.getUserLogOut(userCredential.invalidToken);\nexpect(response.status).to.equal(cases.scenario.getWithoutAuth.response);",
            "err": {},
            "isRoot": false,
            "uuid": "09a969c0-f276-4177-9dbb-084f2d4e3470",
            "isHook": false,
            "skipped": true
          }
        ],
        "suites": [],
        "passes": [],
        "failures": [],
        "pending": [],
        "skipped": [
          "c6387d12-2ed5-4884-9836-5cb4717dda29",
          "571037f6-8536-4572-af3a-7e6bdae79593",
          "09a969c0-f276-4177-9dbb-084f2d4e3470"
        ],
        "duration": null,
        "root": false,
        "rootEmpty": false,
        "_timeout": 30000
      },
      {
        "uuid": "071e359e-4ec4-4421-ae9f-36c34d943032",
        "title": "@userTest GET Request User List",
        "fullFile": "/Users/lpt392/Labby/QA/onboarding-api-automation/tests/user/get_user_test.js",
        "file": "/tests/user/get_user_test.js",
        "beforeHooks": [
          {
            "title": "\"before all\" hook",
            "fullTitle": "@userTest GET Request User List \"before all\" hook",
            "timedOut": false,
            "duration": 451,
            "pass": false,
            "fail": false,
            "pending": false,
            "code": "const response = await authHelper.getBillfazzToken.getToken(userCredential.admin);\ntoken = response.body.token;",
            "err": {},
            "isRoot": false,
            "uuid": "713d8575-12cb-471f-a13d-24ccbe8d28c9",
            "isHook": true,
            "skipped": false
          }
        ],
        "afterHooks": [],
        "tests": [
          {
            "title": "@happy GET list user OK",
            "fullTitle": "@userTest GET Request User List @happy GET list user OK",
            "timedOut": false,
            "duration": 92,
            "state": "passed",
            "speed": "slow",
            "pass": true,
            "fail": false,
            "pending": false,
            "code": "const response = await api.getUser(token);\nexpect(response.status).to.equal(cases.scenario.getOK.response);\nexpect(response.body).to.be.jsonSchema(jsonData.getResponseValidSchema);",
            "err": {},
            "isRoot": false,
            "uuid": "d5358297-159d-4d0b-b4de-55cf0e45a0f0",
            "isHook": false,
            "skipped": false
          },
          {
            "title": "@neg GET list user without auth",
            "fullTitle": "@userTest GET Request User List @neg GET list user without auth",
            "timedOut": false,
            "duration": 83,
            "state": "passed",
            "speed": "slow",
            "pass": true,
            "fail": false,
            "pending": false,
            "code": "const response = await api.getUser();\nexpect(response.status).to.equal(cases.scenario.getWithoutAuth.response);",
            "err": {},
            "isRoot": false,
            "uuid": "bccb78a9-50d2-4be7-9919-73f697934bb9",
            "isHook": false,
            "skipped": false
          },
          {
            "title": "@neg GET list user using other user Auth",
            "fullTitle": "@userTest GET Request User List @neg GET list user using other user Auth",
            "timedOut": false,
            "duration": 81,
            "state": "passed",
            "speed": "slow",
            "pass": true,
            "fail": false,
            "pending": false,
            "code": "const response = await api.getUser(userCredential.invalidToken);\nexpect(response.status).to.equal(cases.scenario.getWithoutAuth.response);",
            "err": {},
            "isRoot": false,
            "uuid": "687f3cb4-ebc9-43dd-95c2-2b522db7f71b",
            "isHook": false,
            "skipped": false
          }
        ],
        "suites": [],
        "passes": [
          "d5358297-159d-4d0b-b4de-55cf0e45a0f0",
          "bccb78a9-50d2-4be7-9919-73f697934bb9",
          "687f3cb4-ebc9-43dd-95c2-2b522db7f71b"
        ],
        "failures": [],
        "pending": [],
        "skipped": [],
        "duration": 256,
        "root": false,
        "rootEmpty": false,
        "_timeout": 30000
      },
      {
        "uuid": "1de23bd5-78e1-4fd9-9b25-2fa28fda1472",
        "title": "@userRole PATCH update user role",
        "fullFile": "/Users/lpt392/Labby/QA/onboarding-api-automation/tests/user/patch_update_user_role_test.js",
        "file": "/tests/user/patch_update_user_role_test.js",
        "beforeHooks": [
          {
            "title": "\"before all\" hook",
            "fullTitle": "@userRole PATCH update user role \"before all\" hook",
            "timedOut": false,
            "duration": 0,
            "pass": false,
            "fail": false,
            "pending": false,
            "code": "const response = await authHelper.getBillfazzToken.getToken(userCredential.admin);\ntoken = response.body.token;",
            "err": {},
            "isRoot": false,
            "uuid": "13329aae-1395-4b9c-b1cc-f10077388427",
            "isHook": true,
            "skipped": false
          }
        ],
        "afterHooks": [],
        "tests": [
          {
            "title": "@happy PATCH update user role OK",
            "fullTitle": "@userRole PATCH update user role @happy PATCH update user role OK",
            "timedOut": false,
            "duration": 0,
            "pass": false,
            "fail": false,
            "pending": false,
            "code": "const response = await api.patchUpdateUserRole(testData.userId.changeRoleId, testData.updateUserRole, token);\nexpect(response.status).to.equal(cases.scenario.postOK.response);",
            "err": {},
            "isRoot": false,
            "uuid": "bb1bdcfd-756b-46c9-a19a-881f9ce60937",
            "isHook": false,
            "skipped": true
          },
          {
            "title": "@neg PATCH update user role without auth",
            "fullTitle": "@userRole PATCH update user role @neg PATCH update user role without auth",
            "timedOut": false,
            "duration": 0,
            "pass": false,
            "fail": false,
            "pending": false,
            "code": "const response = await api.patchUpdateUserRole(testData.userId.changeRoleId, testData.updateUserRole);\nexpect(response.status).to.equal(cases.scenario.postWithoutAuth.response);",
            "err": {},
            "isRoot": false,
            "uuid": "903763c9-f515-44d9-ba4a-e76f9633df46",
            "isHook": false,
            "skipped": true
          },
          {
            "title": "@neg PATCH update user role using other user Auth",
            "fullTitle": "@userRole PATCH update user role @neg PATCH update user role using other user Auth",
            "timedOut": false,
            "duration": 0,
            "pass": false,
            "fail": false,
            "pending": false,
            "code": "const response = await api.patchUpdateUserRole(testData.userId.valid, testData.updateUserRole, userCredential.invalidToken);\nexpect(response.status).to.equal(cases.scenario.postInvalidAuth.response);",
            "err": {},
            "isRoot": false,
            "uuid": "8c57a487-f3fa-499d-a526-9c422cb54e3a",
            "isHook": false,
            "skipped": true
          }
        ],
        "suites": [],
        "passes": [],
        "failures": [],
        "pending": [],
        "skipped": [
          "bb1bdcfd-756b-46c9-a19a-881f9ce60937",
          "903763c9-f515-44d9-ba4a-e76f9633df46",
          "8c57a487-f3fa-499d-a526-9c422cb54e3a"
        ],
        "duration": null,
        "root": false,
        "rootEmpty": false,
        "_timeout": 30000
      },
      {
        "uuid": "baf89bef-6eb0-4043-84c9-9e5b628d9b52",
        "title": "@createUser POST create user",
        "fullFile": "/Users/lpt392/Labby/QA/onboarding-api-automation/tests/user/post_create_user_test.js",
        "file": "/tests/user/post_create_user_test.js",
        "beforeHooks": [
          {
            "title": "\"before all\" hook",
            "fullTitle": "@createUser POST create user \"before all\" hook",
            "timedOut": false,
            "duration": 0,
            "pass": false,
            "fail": false,
            "pending": false,
            "code": "const response = await authHelper.getBillfazzToken.getToken(userCredential.admin);\ntoken = response.body.token;",
            "err": {},
            "isRoot": false,
            "uuid": "32461f5a-4336-462d-8108-5e6328038621",
            "isHook": true,
            "skipped": false
          }
        ],
        "afterHooks": [],
        "tests": [
          {
            "title": "@happy POST create user OK",
            "fullTitle": "@createUser POST create user @happy POST create user OK",
            "timedOut": false,
            "duration": 0,
            "pass": false,
            "fail": false,
            "pending": false,
            "code": "const response = await api.postCreateUser(testData.validBody, token);\nexpect(response.status).to.equal(cases.scenario.postOK.response);",
            "err": {},
            "isRoot": false,
            "uuid": "26c0792c-8678-4559-a843-98ff855e10dc",
            "isHook": false,
            "skipped": true
          },
          {
            "title": "@neg POST create user with duplicate username",
            "fullTitle": "@createUser POST create user @neg POST create user with duplicate username",
            "timedOut": false,
            "duration": 0,
            "pass": false,
            "fail": false,
            "pending": false,
            "code": "const response = await api.postCreateUser(testData.validBody, token);\nexpect(response.status).to.equal(cases.scenario.postInvalidData.response);\nexpect(response.body.message).to.equal(getPreProcessData.errorMessageDuplicateData());",
            "err": {},
            "isRoot": false,
            "uuid": "c60d31b4-0959-4071-9cf2-44fff6002656",
            "isHook": false,
            "skipped": true
          },
          {
            "title": "@neg POST create user with blank username",
            "fullTitle": "@createUser POST create user @neg POST create user with blank username",
            "timedOut": false,
            "duration": 0,
            "pass": false,
            "fail": false,
            "pending": false,
            "code": "const response = await api.postCreateUser(getPreProcessData.createUserBlankUsername(), token);\nexpect(response.status).to.equal(cases.scenario.postUnprocessData.response);\nexpect(response.body.message).to.equal(getPreProcessData.errorMessageInvalidData());",
            "err": {},
            "isRoot": false,
            "uuid": "ad707b75-a49f-414f-9d07-14b9d5ce79f2",
            "isHook": false,
            "skipped": true
          },
          {
            "title": "@neg POST create user without auth",
            "fullTitle": "@createUser POST create user @neg POST create user without auth",
            "timedOut": false,
            "duration": 0,
            "pass": false,
            "fail": false,
            "pending": false,
            "code": "const response = await api.postCreateUser(testData.validBody);\nexpect(response.status).to.equal(cases.scenario.postWithoutAuth.response);",
            "err": {},
            "isRoot": false,
            "uuid": "68a4d7e4-4500-477d-b448-4a14984823be",
            "isHook": false,
            "skipped": true
          },
          {
            "title": "@neg POST create user using other user Auth",
            "fullTitle": "@createUser POST create user @neg POST create user using other user Auth",
            "timedOut": false,
            "duration": 0,
            "pass": false,
            "fail": false,
            "pending": false,
            "code": "const response = await api.postCreateUser(testData.validBody, userCredential.invalidToken);\nexpect(response.status).to.equal(cases.scenario.postInvalidAuth.response);",
            "err": {},
            "isRoot": false,
            "uuid": "f9709650-de8c-4045-b016-298afe5dcecb",
            "isHook": false,
            "skipped": true
          }
        ],
        "suites": [],
        "passes": [],
        "failures": [],
        "pending": [],
        "skipped": [
          "26c0792c-8678-4559-a843-98ff855e10dc",
          "c60d31b4-0959-4071-9cf2-44fff6002656",
          "ad707b75-a49f-414f-9d07-14b9d5ce79f2",
          "68a4d7e4-4500-477d-b448-4a14984823be",
          "f9709650-de8c-4045-b016-298afe5dcecb"
        ],
        "duration": null,
        "root": false,
        "rootEmpty": false,
        "_timeout": 30000
      }
    ],
    "passes": [],
    "failures": [],
    "pending": [],
    "skipped": [],
    "duration": 0,
    "root": true,
    "rootEmpty": true,
    "_timeout": 30000
  },
  "copyrightYear": 2019
}